Determining if the pthread_create exist failed with the following output:
Change Dir: /home/philos/Desktop/souce_code/pointscloud_process/build/CMakeFiles/CMakeTmp

Run Build Command:"/usr/bin/make" "cmTC_4c875/fast"
/usr/bin/make -f CMakeFiles/cmTC_4c875.dir/build.make CMakeFiles/cmTC_4c875.dir/build
make[1]: Entering directory '/home/philos/Desktop/souce_code/pointscloud_process/build/CMakeFiles/CMakeTmp'
Building CXX object CMakeFiles/cmTC_4c875.dir/CheckSymbolExists.cxx.o
/usr/bin/c++     -std=c++11     -o CMakeFiles/cmTC_4c875.dir/CheckSymbolExists.cxx.o -c /home/philos/Desktop/souce_code/pointscloud_process/build/CMakeFiles/CMakeTmp/CheckSymbolExists.cxx
Linking CXX executable cmTC_4c875
/usr/bin/cmake -E cmake_link_script CMakeFiles/cmTC_4c875.dir/link.txt --verbose=1
/usr/bin/c++   -std=c++11      CMakeFiles/cmTC_4c875.dir/CheckSymbolExists.cxx.o  -o cmTC_4c875 -rdynamic 
CMakeFiles/cmTC_4c875.dir/CheckSymbolExists.cxx.o: In function `main':
CheckSymbolExists.cxx:(.text+0x16): undefined reference to `pthread_create'
collect2: error: ld returned 1 exit status
CMakeFiles/cmTC_4c875.dir/build.make:97: recipe for target 'cmTC_4c875' failed
make[1]: *** [cmTC_4c875] Error 1
make[1]: Leaving directory '/home/philos/Desktop/souce_code/pointscloud_process/build/CMakeFiles/CMakeTmp'
Makefile:126: recipe for target 'cmTC_4c875/fast' failed
make: *** [cmTC_4c875/fast] Error 2

File /home/philos/Desktop/souce_code/pointscloud_process/build/CMakeFiles/CMakeTmp/CheckSymbolExists.cxx:
/* */
#include <pthread.h>

int main(int argc, char** argv)
{
  (void)argv;
#ifndef pthread_create
  return ((int*)(&pthread_create))[argc];
#else
  (void)argc;
  return 0;
#endif
}

Determining if the function pthread_create exists in the pthreads failed with the following output:
Change Dir: /home/philos/Desktop/souce_code/pointscloud_process/build/CMakeFiles/CMakeTmp

Run Build Command:"/usr/bin/make" "cmTC_98c6a/fast"
/usr/bin/make -f CMakeFiles/cmTC_98c6a.dir/build.make CMakeFiles/cmTC_98c6a.dir/build
make[1]: Entering directory '/home/philos/Desktop/souce_code/pointscloud_process/build/CMakeFiles/CMakeTmp'
Building CXX object CMakeFiles/cmTC_98c6a.dir/CheckFunctionExists.cxx.o
/usr/bin/c++     -std=c++11  -DCHECK_FUNCTION_EXISTS=pthread_create   -o CMakeFiles/cmTC_98c6a.dir/CheckFunctionExists.cxx.o -c /home/philos/Desktop/souce_code/pointscloud_process/build/CMakeFiles/CheckLibraryExists/CheckFunctionExists.cxx
Linking CXX executable cmTC_98c6a
/usr/bin/cmake -E cmake_link_script CMakeFiles/cmTC_98c6a.dir/link.txt --verbose=1
/usr/bin/c++   -std=c++11  -DCHECK_FUNCTION_EXISTS=pthread_create    CMakeFiles/cmTC_98c6a.dir/CheckFunctionExists.cxx.o  -o cmTC_98c6a -rdynamic -lpthreads 
/usr/bin/ld: cannot find -lpthreads
collect2: error: ld returned 1 exit status
CMakeFiles/cmTC_98c6a.dir/build.make:97: recipe for target 'cmTC_98c6a' failed
make[1]: *** [cmTC_98c6a] Error 1
make[1]: Leaving directory '/home/philos/Desktop/souce_code/pointscloud_process/build/CMakeFiles/CMakeTmp'
Makefile:126: recipe for target 'cmTC_98c6a/fast' failed
make: *** [cmTC_98c6a/fast] Error 2


